<?xml version="1.0" encoding="UTF-8"?>
<!-- Generated by org.testng.reporters.JUnitXMLReporter -->
<testsuite ignored="0" hostname="MacBookAir.lan" failures="1" tests="1" name="Default test" time="0.458" errors="0" timestamp="2025-07-07T14:24:31 IST">
  <testcase classname="io.cucumber.testng.AbstractTestNGCucumberTests" name="runScenario" time="0.137">
    <failure type="io.cucumber.testng.UndefinedStepException" message="The step &amp;apos;User is on login page&amp;apos; and 2 other step(s) are undefined.
You can implement these steps using the snippet(s) below:

@Given(&amp;quot;User is on login page&amp;quot;)
public void user_is_on_login_page() {
    // Write code here that turns the phrase above into concrete actions
    throw new io.cucumber.java.PendingException();
}
@When(&amp;quot;User enters valid credentials&amp;quot;)
public void user_enters_valid_credentials() {
    // Write code here that turns the phrase above into concrete actions
    throw new io.cucumber.java.PendingException();
}
@Then(&amp;quot;User should see the dashboard&amp;quot;)
public void user_should_see_the_dashboard() {
    // Write code here that turns the phrase above into concrete actions
    throw new io.cucumber.java.PendingException();
}
">
      <![CDATA[io.cucumber.testng.UndefinedStepException: The step 'User is on login page' and 2 other step(s) are undefined.
You can implement these steps using the snippet(s) below:

@Given("User is on login page")
public void user_is_on_login_page() {
    // Write code here that turns the phrase above into concrete actions
    throw new io.cucumber.java.PendingException();
}
@When("User enters valid credentials")
public void user_enters_valid_credentials() {
    // Write code here that turns the phrase above into concrete actions
    throw new io.cucumber.java.PendingException();
}
@Then("User should see the dashboard")
public void user_should_see_the_dashboard() {
    // Write code here that turns the phrase above into concrete actions
    throw new io.cucumber.java.PendingException();
}

at ✽.User is on login page(file:///Users/vipulpatil/eclipse-workspace/vishalproject/src/test/resources/features/login.feature:12)
]]>
    </failure>
  </testcase> <!-- runScenario -->
</testsuite> <!-- Default test -->
